2014/12/02 17:58:47 [error] [exception.CHttpException.403] exception 'CHttpException' with message 'You are not allowed to access this page.' in /home/vagrant/uni/aprendeYa/yii/framework/gii/GiiModule.php:170
Stack trace:
#0 /home/vagrant/uni/aprendeYa/yii/framework/web/CController.php(263): GiiModule->beforeControllerAction(Object(DefaultController), Object(CInlineAction))
#1 /home/vagrant/uni/aprendeYa/yii/framework/web/CWebApplication.php(282): CController->run('')
#2 /home/vagrant/uni/aprendeYa/yii/framework/web/CWebApplication.php(141): CWebApplication->runController('gii')
#3 /home/vagrant/uni/aprendeYa/yii/framework/base/CApplication.php(180): CWebApplication->processRequest()
#4 /home/vagrant/uni/aprendeYa/appAprendeYa/index.php(13): CApplication->run()
#5 {main}
REQUEST_URI=/appAprendeYa/?r=gii
---
2014/12/02 17:59:10 [error] [exception.CHttpException.403] exception 'CHttpException' with message 'You are not allowed to access this page.' in /home/vagrant/uni/aprendeYa/yii/framework/gii/GiiModule.php:170
Stack trace:
#0 /home/vagrant/uni/aprendeYa/yii/framework/web/CController.php(263): GiiModule->beforeControllerAction(Object(DefaultController), Object(CInlineAction))
#1 /home/vagrant/uni/aprendeYa/yii/framework/web/CWebApplication.php(282): CController->run('')
#2 /home/vagrant/uni/aprendeYa/yii/framework/web/CWebApplication.php(141): CWebApplication->runController('gii')
#3 /home/vagrant/uni/aprendeYa/yii/framework/base/CApplication.php(180): CWebApplication->processRequest()
#4 /home/vagrant/uni/aprendeYa/appAprendeYa/index.php(13): CApplication->run()
#5 {main}
REQUEST_URI=/appAprendeYa/index.php?r=gii
---
2014/12/02 17:59:55 [error] [exception.CHttpException.403] exception 'CHttpException' with message 'You are not allowed to access this page.' in /home/vagrant/uni/aprendeYa/yii/framework/gii/GiiModule.php:170
Stack trace:
#0 /home/vagrant/uni/aprendeYa/yii/framework/web/CController.php(263): GiiModule->beforeControllerAction(Object(DefaultController), Object(CInlineAction))
#1 /home/vagrant/uni/aprendeYa/yii/framework/web/CWebApplication.php(282): CController->run('')
#2 /home/vagrant/uni/aprendeYa/yii/framework/web/CWebApplication.php(141): CWebApplication->runController('gii')
#3 /home/vagrant/uni/aprendeYa/yii/framework/base/CApplication.php(180): CWebApplication->processRequest()
#4 /home/vagrant/uni/aprendeYa/appAprendeYa/index.php(13): CApplication->run()
#5 {main}
REQUEST_URI=/appAprendeYa/index.php?r=gii
---
2014/12/02 18:01:34 [error] [exception.CHttpException.403] exception 'CHttpException' with message 'You are not allowed to access this page.' in /home/vagrant/uni/aprendeYa/yii/framework/gii/GiiModule.php:170
Stack trace:
#0 /home/vagrant/uni/aprendeYa/yii/framework/web/CController.php(263): GiiModule->beforeControllerAction(Object(DefaultController), Object(CInlineAction))
#1 /home/vagrant/uni/aprendeYa/yii/framework/web/CWebApplication.php(282): CController->run('')
#2 /home/vagrant/uni/aprendeYa/yii/framework/web/CWebApplication.php(141): CWebApplication->runController('gii')
#3 /home/vagrant/uni/aprendeYa/yii/framework/base/CApplication.php(180): CWebApplication->processRequest()
#4 /home/vagrant/uni/aprendeYa/appAprendeYa/index.php(13): CApplication->run()
#5 {main}
REQUEST_URI=/appAprendeYa/index.php?r=gii
---
2014/12/02 18:01:45 [error] [exception.CHttpException.403] exception 'CHttpException' with message 'You are not allowed to access this page.' in /home/vagrant/uni/aprendeYa/yii/framework/gii/GiiModule.php:170
Stack trace:
#0 /home/vagrant/uni/aprendeYa/yii/framework/web/CController.php(263): GiiModule->beforeControllerAction(Object(DefaultController), Object(CInlineAction))
#1 /home/vagrant/uni/aprendeYa/yii/framework/web/CWebApplication.php(282): CController->run('')
#2 /home/vagrant/uni/aprendeYa/yii/framework/web/CWebApplication.php(141): CWebApplication->runController('gii')
#3 /home/vagrant/uni/aprendeYa/yii/framework/base/CApplication.php(180): CWebApplication->processRequest()
#4 /home/vagrant/uni/aprendeYa/appAprendeYa/index.php(13): CApplication->run()
#5 {main}
REQUEST_URI=/appAprendeYa/index.php?r=gii
---
2014/12/04 09:29:07 [error] [exception.CHttpException.404] exception 'CHttpException' with message 'The system is unable to find the requested action "usuario".' in /home/vagrant/uni/aprendeYa/yii/framework/web/CController.php:483
Stack trace:
#0 /home/vagrant/uni/aprendeYa/yii/framework/web/CController.php(270): CController->missingAction('usuario')
#1 /home/vagrant/uni/aprendeYa/yii/framework/web/CWebApplication.php(282): CController->run('usuario')
#2 /home/vagrant/uni/aprendeYa/yii/framework/web/CWebApplication.php(141): CWebApplication->runController('site/usuario')
#3 /home/vagrant/uni/aprendeYa/yii/framework/base/CApplication.php(180): CWebApplication->processRequest()
#4 /home/vagrant/uni/aprendeYa/appAprendeYa/index.php(13): CApplication->run()
#5 {main}
REQUEST_URI=/appAprendeYa/index.php?r=site/usuario&view=about
HTTP_REFERER=http://uni.dev/appAprendeYa/index.php?r=site/contact
---
2014/12/04 09:29:18 [error] [exception.CHttpException.404] exception 'CHttpException' with message 'The system is unable to find the requested action "usuario".' in /home/vagrant/uni/aprendeYa/yii/framework/web/CController.php:483
Stack trace:
#0 /home/vagrant/uni/aprendeYa/yii/framework/web/CController.php(270): CController->missingAction('usuario')
#1 /home/vagrant/uni/aprendeYa/yii/framework/web/CWebApplication.php(282): CController->run('usuario')
#2 /home/vagrant/uni/aprendeYa/yii/framework/web/CWebApplication.php(141): CWebApplication->runController('site/usuario')
#3 /home/vagrant/uni/aprendeYa/yii/framework/base/CApplication.php(180): CWebApplication->processRequest()
#4 /home/vagrant/uni/aprendeYa/appAprendeYa/index.php(13): CApplication->run()
#5 {main}
REQUEST_URI=/appAprendeYa/index.php?r=site/usuario&view=about
HTTP_REFERER=http://uni.dev/appAprendeYa/index.php?r=site/page&view=about
---
2014/12/04 09:29:23 [error] [exception.CHttpException.404] exception 'CHttpException' with message 'The system is unable to find the requested action "usuario".' in /home/vagrant/uni/aprendeYa/yii/framework/web/CController.php:483
Stack trace:
#0 /home/vagrant/uni/aprendeYa/yii/framework/web/CController.php(270): CController->missingAction('usuario')
#1 /home/vagrant/uni/aprendeYa/yii/framework/web/CWebApplication.php(282): CController->run('usuario')
#2 /home/vagrant/uni/aprendeYa/yii/framework/web/CWebApplication.php(141): CWebApplication->runController('site/usuario')
#3 /home/vagrant/uni/aprendeYa/yii/framework/base/CApplication.php(180): CWebApplication->processRequest()
#4 /home/vagrant/uni/aprendeYa/appAprendeYa/index.php(13): CApplication->run()
#5 {main}
REQUEST_URI=/appAprendeYa/index.php?r=site/usuario&view=about
HTTP_REFERER=http://uni.dev/appAprendeYa/index.php?r=site/page&view=about
---
2014/12/04 09:29:49 [error] [exception.CHttpException.404] exception 'CHttpException' with message 'The system is unable to find the requested action "usuario".' in /home/vagrant/uni/aprendeYa/yii/framework/web/CController.php:483
Stack trace:
#0 /home/vagrant/uni/aprendeYa/yii/framework/web/CController.php(270): CController->missingAction('usuario')
#1 /home/vagrant/uni/aprendeYa/yii/framework/web/CWebApplication.php(282): CController->run('usuario')
#2 /home/vagrant/uni/aprendeYa/yii/framework/web/CWebApplication.php(141): CWebApplication->runController('site/usuario')
#3 /home/vagrant/uni/aprendeYa/yii/framework/base/CApplication.php(180): CWebApplication->processRequest()
#4 /home/vagrant/uni/aprendeYa/appAprendeYa/index.php(13): CApplication->run()
#5 {main}
REQUEST_URI=/appAprendeYa/index.php?r=site/usuario&view=about
HTTP_REFERER=http://uni.dev/appAprendeYa/index.php?r=site/page&view=about
---
2014/12/04 09:29:51 [error] [exception.CHttpException.404] exception 'CHttpException' with message 'The system is unable to find the requested action "usuario".' in /home/vagrant/uni/aprendeYa/yii/framework/web/CController.php:483
Stack trace:
#0 /home/vagrant/uni/aprendeYa/yii/framework/web/CController.php(270): CController->missingAction('usuario')
#1 /home/vagrant/uni/aprendeYa/yii/framework/web/CWebApplication.php(282): CController->run('usuario')
#2 /home/vagrant/uni/aprendeYa/yii/framework/web/CWebApplication.php(141): CWebApplication->runController('site/usuario')
#3 /home/vagrant/uni/aprendeYa/yii/framework/base/CApplication.php(180): CWebApplication->processRequest()
#4 /home/vagrant/uni/aprendeYa/appAprendeYa/index.php(13): CApplication->run()
#5 {main}
REQUEST_URI=/appAprendeYa/index.php?r=site/usuario&view=usuario
HTTP_REFERER=http://uni.dev/appAprendeYa/index.php?r=site/usuario&view=about
---
2014/12/04 09:29:58 [error] [exception.CHttpException.404] exception 'CHttpException' with message 'The system is unable to find the requested action "usuario".' in /home/vagrant/uni/aprendeYa/yii/framework/web/CController.php:483
Stack trace:
#0 /home/vagrant/uni/aprendeYa/yii/framework/web/CController.php(270): CController->missingAction('usuario')
#1 /home/vagrant/uni/aprendeYa/yii/framework/web/CWebApplication.php(282): CController->run('usuario')
#2 /home/vagrant/uni/aprendeYa/yii/framework/web/CWebApplication.php(141): CWebApplication->runController('site/usuario')
#3 /home/vagrant/uni/aprendeYa/yii/framework/base/CApplication.php(180): CWebApplication->processRequest()
#4 /home/vagrant/uni/aprendeYa/appAprendeYa/index.php(13): CApplication->run()
#5 {main}
REQUEST_URI=/appAprendeYa/index.php?r=site/usuario&view=usuario
HTTP_REFERER=http://uni.dev/appAprendeYa/index.php?r=site/page&view=about
---
2014/12/04 09:29:59 [error] [exception.CHttpException.404] exception 'CHttpException' with message 'The system is unable to find the requested action "usuario".' in /home/vagrant/uni/aprendeYa/yii/framework/web/CController.php:483
Stack trace:
#0 /home/vagrant/uni/aprendeYa/yii/framework/web/CController.php(270): CController->missingAction('usuario')
#1 /home/vagrant/uni/aprendeYa/yii/framework/web/CWebApplication.php(282): CController->run('usuario')
#2 /home/vagrant/uni/aprendeYa/yii/framework/web/CWebApplication.php(141): CWebApplication->runController('site/usuario')
#3 /home/vagrant/uni/aprendeYa/yii/framework/base/CApplication.php(180): CWebApplication->processRequest()
#4 /home/vagrant/uni/aprendeYa/appAprendeYa/index.php(13): CApplication->run()
#5 {main}
REQUEST_URI=/appAprendeYa/index.php?r=site/usuario&view=usuario
HTTP_REFERER=http://uni.dev/appAprendeYa/index.php?r=site/page&view=about
---
2014/12/04 09:31:06 [error] [exception.CHttpException.404] exception 'CHttpException' with message 'The system is unable to find the requested action "usuario".' in /home/vagrant/uni/aprendeYa/yii/framework/web/CController.php:483
Stack trace:
#0 /home/vagrant/uni/aprendeYa/yii/framework/web/CController.php(270): CController->missingAction('usuario')
#1 /home/vagrant/uni/aprendeYa/yii/framework/web/CWebApplication.php(282): CController->run('usuario')
#2 /home/vagrant/uni/aprendeYa/yii/framework/web/CWebApplication.php(141): CWebApplication->runController('site/usuario')
#3 /home/vagrant/uni/aprendeYa/yii/framework/base/CApplication.php(180): CWebApplication->processRequest()
#4 /home/vagrant/uni/aprendeYa/appAprendeYa/index.php(13): CApplication->run()
#5 {main}
REQUEST_URI=/appAprendeYa/index.php?r=site/usuario&view=usuario
HTTP_REFERER=http://uni.dev/appAprendeYa/index.php?r=site/page&view=about
---
2014/12/04 10:08:23 [error] [exception.CException] exception 'CException' with message 'SiteController cannot find the requested view "indexX".' in /home/vagrant/uni/aprendeYa/yii/framework/web/CController.php:878
Stack trace:
#0 /home/vagrant/uni/aprendeYa/yii/framework/web/CController.php(782): CController->renderPartial('indexX', NULL, true)
#1 /home/vagrant/uni/aprendeYa/appAprendeYa/protected/controllers/SiteController.php(30): CController->render('indexX')
#2 /home/vagrant/uni/aprendeYa/yii/framework/web/actions/CInlineAction.php(49): SiteController->actionIndex()
#3 /home/vagrant/uni/aprendeYa/yii/framework/web/CController.php(308): CInlineAction->runWithParams(Array)
#4 /home/vagrant/uni/aprendeYa/yii/framework/web/CController.php(286): CController->runAction(Object(CInlineAction))
#5 /home/vagrant/uni/aprendeYa/yii/framework/web/CController.php(265): CController->runActionWithFilters(Object(CInlineAction), Array)
#6 /home/vagrant/uni/aprendeYa/yii/framework/web/CWebApplication.php(282): CController->run('index')
#7 /home/vagrant/uni/aprendeYa/yii/framework/web/CWebApplication.php(141): CWebApplication->runController('site/index')
#8 /home/vagrant/uni/aprendeYa/yii/framework/base/CApplication.php(180): CWebApplication->processRequest()
#9 /home/vagrant/uni/aprendeYa/appAprendeYa/index.php(13): CApplication->run()
#10 {main}
REQUEST_URI=/appAprendeYa/index.php?r=site/index
HTTP_REFERER=http://uni.dev/appAprendeYa/index.php?r=site/page&view=about
---
2014/12/04 10:23:17 [error] [php] Undefined variable: sesiones (/home/vagrant/uni/aprendeYa/appAprendeYa/protected/views/site/index.php:13)
Stack trace:
#0 /home/vagrant/uni/aprendeYa/yii/framework/web/CController.php(869): SiteController->renderFile()
#1 /home/vagrant/uni/aprendeYa/yii/framework/web/CController.php(782): SiteController->renderPartial()
#2 /home/vagrant/uni/aprendeYa/appAprendeYa/protected/controllers/SiteController.php(33): SiteController->render()
#3 /home/vagrant/uni/aprendeYa/yii/framework/web/actions/CInlineAction.php(49): SiteController->actionIndex()
#4 /home/vagrant/uni/aprendeYa/yii/framework/web/CController.php(308): CInlineAction->runWithParams()
#5 /home/vagrant/uni/aprendeYa/yii/framework/web/CController.php(286): SiteController->runAction()
#6 /home/vagrant/uni/aprendeYa/yii/framework/web/CController.php(265): SiteController->runActionWithFilters()
#7 /home/vagrant/uni/aprendeYa/yii/framework/web/CWebApplication.php(282): SiteController->run()
#8 /home/vagrant/uni/aprendeYa/yii/framework/web/CWebApplication.php(141): CWebApplication->runController()
#9 /home/vagrant/uni/aprendeYa/yii/framework/base/CApplication.php(180): CWebApplication->processRequest()
#10 /home/vagrant/uni/aprendeYa/appAprendeYa/index.php(13): CWebApplication->run()
REQUEST_URI=/appAprendeYa/index.php?r=site/index
in /home/vagrant/uni/aprendeYa/appAprendeYa/protected/views/site/index.php (13)
in /home/vagrant/uni/aprendeYa/appAprendeYa/protected/controllers/SiteController.php (33)
in /home/vagrant/uni/aprendeYa/appAprendeYa/index.php (13)
2014/12/04 10:23:26 [error] [php] Undefined variable: sesiones (/home/vagrant/uni/aprendeYa/appAprendeYa/protected/views/site/index.php:13)
Stack trace:
#0 /home/vagrant/uni/aprendeYa/yii/framework/web/CController.php(869): SiteController->renderFile()
#1 /home/vagrant/uni/aprendeYa/yii/framework/web/CController.php(782): SiteController->renderPartial()
#2 /home/vagrant/uni/aprendeYa/appAprendeYa/protected/controllers/SiteController.php(33): SiteController->render()
#3 /home/vagrant/uni/aprendeYa/yii/framework/web/actions/CInlineAction.php(49): SiteController->actionIndex()
#4 /home/vagrant/uni/aprendeYa/yii/framework/web/CController.php(308): CInlineAction->runWithParams()
#5 /home/vagrant/uni/aprendeYa/yii/framework/web/CController.php(286): SiteController->runAction()
#6 /home/vagrant/uni/aprendeYa/yii/framework/web/CController.php(265): SiteController->runActionWithFilters()
#7 /home/vagrant/uni/aprendeYa/yii/framework/web/CWebApplication.php(282): SiteController->run()
#8 /home/vagrant/uni/aprendeYa/yii/framework/web/CWebApplication.php(141): CWebApplication->runController()
#9 /home/vagrant/uni/aprendeYa/yii/framework/base/CApplication.php(180): CWebApplication->processRequest()
#10 /home/vagrant/uni/aprendeYa/appAprendeYa/index.php(13): CWebApplication->run()
REQUEST_URI=/appAprendeYa/index.php?r=site/index
in /home/vagrant/uni/aprendeYa/appAprendeYa/protected/views/site/index.php (13)
in /home/vagrant/uni/aprendeYa/appAprendeYa/protected/controllers/SiteController.php (33)
in /home/vagrant/uni/aprendeYa/appAprendeYa/index.php (13)
2014/12/04 10:25:59 [error] [php] Undefined variable: sesiones (/home/vagrant/uni/aprendeYa/appAprendeYa/protected/views/site/index.php:13)
Stack trace:
#0 /home/vagrant/uni/aprendeYa/yii/framework/web/CController.php(869): SiteController->renderFile()
#1 /home/vagrant/uni/aprendeYa/yii/framework/web/CController.php(782): SiteController->renderPartial()
#2 /home/vagrant/uni/aprendeYa/appAprendeYa/protected/controllers/SiteController.php(33): SiteController->render()
#3 /home/vagrant/uni/aprendeYa/yii/framework/web/actions/CInlineAction.php(49): SiteController->actionIndex()
#4 /home/vagrant/uni/aprendeYa/yii/framework/web/CController.php(308): CInlineAction->runWithParams()
#5 /home/vagrant/uni/aprendeYa/yii/framework/web/CController.php(286): SiteController->runAction()
#6 /home/vagrant/uni/aprendeYa/yii/framework/web/CController.php(265): SiteController->runActionWithFilters()
#7 /home/vagrant/uni/aprendeYa/yii/framework/web/CWebApplication.php(282): SiteController->run()
#8 /home/vagrant/uni/aprendeYa/yii/framework/web/CWebApplication.php(141): CWebApplication->runController()
#9 /home/vagrant/uni/aprendeYa/yii/framework/base/CApplication.php(180): CWebApplication->processRequest()
#10 /home/vagrant/uni/aprendeYa/appAprendeYa/index.php(13): CWebApplication->run()
REQUEST_URI=/appAprendeYa/index.php?r=site/index
in /home/vagrant/uni/aprendeYa/appAprendeYa/protected/views/site/index.php (13)
in /home/vagrant/uni/aprendeYa/appAprendeYa/protected/controllers/SiteController.php (33)
in /home/vagrant/uni/aprendeYa/appAprendeYa/index.php (13)
2014/12/04 11:08:53 [error] [php] Undefined variable: html (/home/vagrant/uni/aprendeYa/appAprendeYa/protected/views/site/index.php:19)
Stack trace:
#0 /home/vagrant/uni/aprendeYa/yii/framework/web/CController.php(869): SiteController->renderFile()
#1 /home/vagrant/uni/aprendeYa/yii/framework/web/CController.php(782): SiteController->renderPartial()
#2 /home/vagrant/uni/aprendeYa/appAprendeYa/protected/controllers/SiteController.php(43): SiteController->render()
#3 /home/vagrant/uni/aprendeYa/yii/framework/web/actions/CInlineAction.php(49): SiteController->actionIndex()
#4 /home/vagrant/uni/aprendeYa/yii/framework/web/CController.php(308): CInlineAction->runWithParams()
#5 /home/vagrant/uni/aprendeYa/yii/framework/web/CController.php(286): SiteController->runAction()
#6 /home/vagrant/uni/aprendeYa/yii/framework/web/CController.php(265): SiteController->runActionWithFilters()
#7 /home/vagrant/uni/aprendeYa/yii/framework/web/CWebApplication.php(282): SiteController->run()
#8 /home/vagrant/uni/aprendeYa/yii/framework/web/CWebApplication.php(141): CWebApplication->runController()
#9 /home/vagrant/uni/aprendeYa/yii/framework/base/CApplication.php(180): CWebApplication->processRequest()
#10 /home/vagrant/uni/aprendeYa/appAprendeYa/index.php(13): CWebApplication->run()
REQUEST_URI=/appAprendeYa/index.php?r=site/index
in /home/vagrant/uni/aprendeYa/appAprendeYa/protected/views/site/index.php (19)
in /home/vagrant/uni/aprendeYa/appAprendeYa/protected/controllers/SiteController.php (43)
in /home/vagrant/uni/aprendeYa/appAprendeYa/index.php (13)
2014/12/04 12:10:52 [error] [exception.CException] exception 'CException' with message 'Experto and its behaviors do not have a method or closure named "findById".' in /home/vagrant/uni/aprendeYa/yii/framework/base/CComponent.php:266
Stack trace:
#0 /home/vagrant/uni/aprendeYa/yii/framework/db/ar/CActiveRecord.php(227): CComponent->__call('findById', Array)
#1 /home/vagrant/uni/aprendeYa/appAprendeYa/protected/controllers/SiteController.php(31): CActiveRecord->__call('findById', Array)
#2 /home/vagrant/uni/aprendeYa/appAprendeYa/protected/controllers/SiteController.php(31): Experto->findById()
#3 /home/vagrant/uni/aprendeYa/yii/framework/web/actions/CInlineAction.php(49): SiteController->actionIndex()
#4 /home/vagrant/uni/aprendeYa/yii/framework/web/CController.php(308): CInlineAction->runWithParams(Array)
#5 /home/vagrant/uni/aprendeYa/yii/framework/web/CController.php(286): CController->runAction(Object(CInlineAction))
#6 /home/vagrant/uni/aprendeYa/yii/framework/web/CController.php(265): CController->runActionWithFilters(Object(CInlineAction), Array)
#7 /home/vagrant/uni/aprendeYa/yii/framework/web/CWebApplication.php(282): CController->run('index')
#8 /home/vagrant/uni/aprendeYa/yii/framework/web/CWebApplication.php(141): CWebApplication->runController('site/index')
#9 /home/vagrant/uni/aprendeYa/yii/framework/base/CApplication.php(180): CWebApplication->processRequest()
#10 /home/vagrant/uni/aprendeYa/appAprendeYa/index.php(13): CApplication->run()
#11 {main}
REQUEST_URI=/appAprendeYa/index.php?r=site/index
HTTP_REFERER=http://uni.dev/appAprendeYa/index.php?r=sesion&view=admin
---
2014/12/04 12:11:05 [error] [exception.CException] exception 'CException' with message 'Property "Experto.titulo_sesion" is not defined.' in /home/vagrant/uni/aprendeYa/yii/framework/base/CComponent.php:130
Stack trace:
#0 /home/vagrant/uni/aprendeYa/yii/framework/db/ar/CActiveRecord.php(145): CComponent->__get('titulo_sesion')
#1 /home/vagrant/uni/aprendeYa/appAprendeYa/protected/views/site/index.php(35): CActiveRecord->__get('titulo_sesion')
#2 /home/vagrant/uni/aprendeYa/yii/framework/web/CBaseController.php(126): require('/home/vagrant/u...')
#3 /home/vagrant/uni/aprendeYa/yii/framework/web/CBaseController.php(95): CBaseController->renderInternal('/home/vagrant/u...', Array, true)
#4 /home/vagrant/uni/aprendeYa/yii/framework/web/CController.php(869): CBaseController->renderFile('/home/vagrant/u...', Array, true)
#5 /home/vagrant/uni/aprendeYa/yii/framework/web/CController.php(782): CController->renderPartial('index', Array, true)
#6 /home/vagrant/uni/aprendeYa/appAprendeYa/protected/controllers/SiteController.php(38): CController->render('index', Array)
#7 /home/vagrant/uni/aprendeYa/yii/framework/web/actions/CInlineAction.php(49): SiteController->actionIndex()
#8 /home/vagrant/uni/aprendeYa/yii/framework/web/CController.php(308): CInlineAction->runWithParams(Array)
#9 /home/vagrant/uni/aprendeYa/yii/framework/web/CController.php(286): CController->runAction(Object(CInlineAction))
#10 /home/vagrant/uni/aprendeYa/yii/framework/web/CController.php(265): CController->runActionWithFilters(Object(CInlineAction), Array)
#11 /home/vagrant/uni/aprendeYa/yii/framework/web/CWebApplication.php(282): CController->run('index')
#12 /home/vagrant/uni/aprendeYa/yii/framework/web/CWebApplication.php(141): CWebApplication->runController('site/index')
#13 /home/vagrant/uni/aprendeYa/yii/framework/base/CApplication.php(180): CWebApplication->processRequest()
#14 /home/vagrant/uni/aprendeYa/appAprendeYa/index.php(13): CApplication->run()
#15 {main}
REQUEST_URI=/appAprendeYa/index.php?r=site/index
HTTP_REFERER=http://uni.dev/appAprendeYa/index.php?r=sesion&view=admin
---
2014/12/04 12:11:06 [error] [exception.CException] exception 'CException' with message 'Property "Experto.titulo_sesion" is not defined.' in /home/vagrant/uni/aprendeYa/yii/framework/base/CComponent.php:130
Stack trace:
#0 /home/vagrant/uni/aprendeYa/yii/framework/db/ar/CActiveRecord.php(145): CComponent->__get('titulo_sesion')
#1 /home/vagrant/uni/aprendeYa/appAprendeYa/protected/views/site/index.php(35): CActiveRecord->__get('titulo_sesion')
#2 /home/vagrant/uni/aprendeYa/yii/framework/web/CBaseController.php(126): require('/home/vagrant/u...')
#3 /home/vagrant/uni/aprendeYa/yii/framework/web/CBaseController.php(95): CBaseController->renderInternal('/home/vagrant/u...', Array, true)
#4 /home/vagrant/uni/aprendeYa/yii/framework/web/CController.php(869): CBaseController->renderFile('/home/vagrant/u...', Array, true)
#5 /home/vagrant/uni/aprendeYa/yii/framework/web/CController.php(782): CController->renderPartial('index', Array, true)
#6 /home/vagrant/uni/aprendeYa/appAprendeYa/protected/controllers/SiteController.php(38): CController->render('index', Array)
#7 /home/vagrant/uni/aprendeYa/yii/framework/web/actions/CInlineAction.php(49): SiteController->actionIndex()
#8 /home/vagrant/uni/aprendeYa/yii/framework/web/CController.php(308): CInlineAction->runWithParams(Array)
#9 /home/vagrant/uni/aprendeYa/yii/framework/web/CController.php(286): CController->runAction(Object(CInlineAction))
#10 /home/vagrant/uni/aprendeYa/yii/framework/web/CController.php(265): CController->runActionWithFilters(Object(CInlineAction), Array)
#11 /home/vagrant/uni/aprendeYa/yii/framework/web/CWebApplication.php(282): CController->run('index')
#12 /home/vagrant/uni/aprendeYa/yii/framework/web/CWebApplication.php(141): CWebApplication->runController('site/index')
#13 /home/vagrant/uni/aprendeYa/yii/framework/base/CApplication.php(180): CWebApplication->processRequest()
#14 /home/vagrant/uni/aprendeYa/appAprendeYa/index.php(13): CApplication->run()
#15 {main}
REQUEST_URI=/appAprendeYa/index.php?r=site/index
HTTP_REFERER=http://uni.dev/appAprendeYa/index.php?r=sesion&view=admin
---
